# JRE version: Java(TM) SE Runtime Environment (8.0_05-b13) (build 1.8.0_05-b13)
# Java VM: Java HotSpot(TM) Client VM (25.5-b02 mixed mode windows-x86 )
Heap:
 def new generation   total 27648K, used 14862K [0x03e00000, 0x05bf0000, 0x09350000)
  eden space 24640K,  48% used [0x03e00000, 0x04993a28, 0x05610000)
  from space 3008K, 100% used [0x05900000, 0x05bf0000, 0x05bf0000)
  to   space 3008K,   0% used [0x05610000, 0x05610000, 0x05900000)
 tenured generation   total 61288K, used 45555K [0x09350000, 0x0cf2a000, 0x13e00000)
   the space 61288K,  74% used [0x09350000, 0x0bfccf78, 0x0bfcd000, 0x0cf2a000)
 Metaspace       used 16960K, capacity 17204K, committed 17280K, reserved 17792K
GC Heap History (10 events):
Event: 101.680 GC heap before
{Heap before GC invocations=57 (full 3):
 def new generation   total 15424K, used 13729K [0x03e00000, 0x04eb0000, 0x09350000)
  eden space 13760K,  99% used [0x03e00000, 0x04b684e0, 0x04b70000)
  from space 1664K,   0% used [0x04b70000, 0x04b70000, 0x04d10000)
  to   space 1664K,   0% used [0x04d10000, 0x04d10000, 0x04eb0000)
 tenured generation   total 34140K, used 20483K [0x09350000, 0x0b4a7000, 0x13e00000)
   the space 34140K,  59% used [0x09350000, 0x0a750c50, 0x0a750e00, 0x0b4a7000)
 Metaspace       used 16926K, capacity 17140K, committed 17280K, reserved 17792K
Event: 101.688 GC heap after
Heap after GC invocations=58 (full 3):
 def new generation   total 15424K, used 1664K [0x03e00000, 0x04eb0000, 0x09350000)
  eden space 13760K,   0% used [0x03e00000, 0x03e00000, 0x04b70000)
  from space 1664K, 100% used [0x04d10000, 0x04eb0000, 0x04eb0000)
  to   space 1664K,   0% used [0x04b70000, 0x04b70000, 0x04d10000)
 tenured generation   total 34140K, used 22334K [0x09350000, 0x0b4a7000, 0x13e00000)
   the space 34140K,  65% used [0x09350000, 0x0a91f828, 0x0a91fa00, 0x0b4a7000)
 Metaspace       used 16926K, capacity 17140K, committed 17280K, reserved 17792K
}
Event: 102.246 GC heap before
{Heap before GC invocations=58 (full 3):
 def new generation   total 15424K, used 15424K [0x03e00000, 0x04eb0000, 0x09350000)
  eden space 13760K, 100% used [0x03e00000, 0x04b70000, 0x04b70000)
  from space 1664K, 100% used [0x04d10000, 0x04eb0000, 0x04eb0000)
  to   space 1664K,   0% used [0x04b70000, 0x04b70000, 0x04d10000)
 tenured generation   total 34140K, used 22334K [0x09350000, 0x0b4a7000, 0x13e00000)
   the space 34140K,  65% used [0x09350000, 0x0a91f828, 0x0a91fa00, 0x0b4a7000)
 Metaspace       used 16933K, capacity 17172K, committed 17280K, reserved 17792K
Event: 102.261 GC heap after
Heap after GC invocations=59 (full 3):
 def new generation   total 15424K, used 1664K [0x03e00000, 0x04eb0000, 0x09350000)
  eden space 13760K,   0% used [0x03e00000, 0x03e00000, 0x04b70000)
  from space 1664K, 100% used [0x04b70000, 0x04d10000, 0x04d10000)
  to   space 1664K,   0% used [0x04d10000, 0x04d10000, 0x04eb0000)
 tenured generation   total 34140K, used 27490K [0x09350000, 0x0b4a7000, 0x13e00000)
   the space 34140K,  80% used [0x09350000, 0x0ae28858, 0x0ae28a00, 0x0b4a7000)
 Metaspace       used 16933K, capacity 17172K, committed 17280K, reserved 17792K
}
Event: 102.798 GC heap before
{Heap before GC invocations=59 (full 3):
 def new generation   total 15424K, used 15424K [0x03e00000, 0x04eb0000, 0x09350000)
  eden space 13760K, 100% used [0x03e00000, 0x04b70000, 0x04b70000)
  from space 1664K, 100% used [0x04b70000, 0x04d10000, 0x04d10000)
  to   space 1664K,   0% used [0x04d10000, 0x04d10000, 0x04eb0000)
 tenured generation   total 34140K, used 27490K [0x09350000, 0x0b4a7000, 0x13e00000)
   the space 34140K,  80% used [0x09350000, 0x0ae28858, 0x0ae28a00, 0x0b4a7000)
 Metaspace       used 16944K, capacity 17172K, committed 17280K, reserved 17792K
Event: 102.813 GC heap after
Heap after GC invocations=60 (full 3):
 def new generation   total 15424K, used 1664K [0x03e00000, 0x04eb0000, 0x09350000)
  eden space 13760K,   0% used [0x03e00000, 0x03e00000, 0x04b70000)
  from space 1664K, 100% used [0x04d10000, 0x04eb0000, 0x04eb0000)
  to   space 1664K,   0% used [0x04b70000, 0x04b70000, 0x04d10000)
 tenured generation   total 34140K, used 33626K [0x09350000, 0x0b4a7000, 0x13e00000)
   the space 34140K,  98% used [0x09350000, 0x0b426b18, 0x0b426c00, 0x0b4a7000)
 Metaspace       used 16944K, capacity 17172K, committed 17280K, reserved 17792K
}
Event: 104.483 GC heap before
{Heap before GC invocations=60 (full 3):
 def new generation   total 15424K, used 15423K [0x03e00000, 0x04eb0000, 0x09350000)
  eden space 13760K,  99% used [0x03e00000, 0x04b6fd50, 0x04b70000)
  from space 1664K, 100% used [0x04d10000, 0x04eb0000, 0x04eb0000)
  to   space 1664K,   0% used [0x04b70000, 0x04b70000, 0x04d10000)
 tenured generation   total 34140K, used 33626K [0x09350000, 0x0b4a7000, 0x13e00000)
   the space 34140K,  98% used [0x09350000, 0x0b426b18, 0x0b426c00, 0x0b4a7000)
 Metaspace       used 16960K, capacity 17204K, committed 17280K, reserved 17792K
Event: 104.640 GC heap after
Heap after GC invocations=61 (full 4):
 def new generation   total 27648K, used 0K [0x03e00000, 0x05bf0000, 0x09350000)
  eden space 24640K,   0% used [0x03e00000, 0x03e00000, 0x05610000)
  from space 3008K,   0% used [0x05610000, 0x05610000, 0x05900000)
  to   space 3008K,   0% used [0x05900000, 0x05900000, 0x05bf0000)
 tenured generation   total 61288K, used 36771K [0x09350000, 0x0cf2a000, 0x13e00000)
   the space 61288K,  59% used [0x09350000, 0x0b738f88, 0x0b739000, 0x0cf2a000)
 Metaspace       used 16960K, capacity 17204K, committed 17280K, reserved 17792K
}
Event: 106.648 GC heap before
{Heap before GC invocations=61 (full 4):
 def new generation   total 27648K, used 24640K [0x03e00000, 0x05bf0000, 0x09350000)
  eden space 24640K, 100% used [0x03e00000, 0x05610000, 0x05610000)
  from space 3008K,   0% used [0x05610000, 0x05610000, 0x05900000)
  to   space 3008K,   0% used [0x05900000, 0x05900000, 0x05bf0000)
 tenured generation   total 61288K, used 36771K [0x09350000, 0x0cf2a000, 0x13e00000)
   the space 61288K,  59% used [0x09350000, 0x0b738f88, 0x0b739000, 0x0cf2a000)
 Metaspace       used 16960K, capacity 17204K, committed 17280K, reserved 17792K
Event: 106.677 GC heap after
Heap after GC invocations=62 (full 4):
 def new generation   total 27648K, used 3008K [0x03e00000, 0x05bf0000, 0x09350000)
  eden space 24640K,   0% used [0x03e00000, 0x03e00000, 0x05610000)
  from space 3008K, 100% used [0x05900000, 0x05bf0000, 0x05bf0000)
  to   space 3008K,   0% used [0x05610000, 0x05610000, 0x05900000)
 tenured generation   total 61288K, used 45555K [0x09350000, 0x0cf2a000, 0x13e00000)
   the space 61288K,  74% used [0x09350000, 0x0bfccf78, 0x0bfcd000, 0x0cf2a000)
 Metaspace       used 16960K, capacity 17204K, committed 17280K, reserved 17792K
}

